{"C:\\Users\\yoyo\\Desktop\\ForHeroku\\ExpressAppBooks\\test.js":{"path":"C:\\Users\\yoyo\\Desktop\\ForHeroku\\ExpressAppBooks\\test.js","s":{"1":1,"2":1,"3":1,"4":1,"5":1,"6":1,"7":1,"8":1,"9":1,"10":1,"11":1,"12":1,"13":1,"14":1,"15":1,"16":1,"17":0,"18":0,"19":0,"20":0,"21":1,"22":1,"23":1,"24":1,"25":0,"26":0,"27":0,"28":0,"29":0,"30":0,"31":1,"32":1,"33":1,"34":1,"35":1,"36":1,"37":1,"38":1,"39":0,"40":0,"41":0,"42":0,"43":0,"44":1,"45":1,"46":1,"47":1,"48":1,"49":1,"50":1,"51":1,"52":1,"53":1,"54":1,"55":1,"56":1,"57":1,"58":1,"59":1,"60":1,"61":1,"62":1,"63":1,"64":1,"65":1,"66":1,"67":1,"68":1,"69":1,"70":1,"71":1,"72":1,"73":1,"74":1,"75":1,"76":1,"77":1,"78":1,"79":1,"80":1,"81":1,"82":1,"83":1,"84":1,"85":1,"86":1,"87":1},"b":{},"f":{"1":1,"2":1,"3":1,"4":1,"5":1,"6":1,"7":1,"8":1,"9":1,"10":1,"11":1,"12":1,"13":1,"14":1,"15":1,"16":1,"17":1,"18":1,"19":1,"20":1,"21":1,"22":1,"23":1,"24":1,"25":1,"26":1,"27":1,"28":1},"fnMap":{"1":{"name":"(anonymous_1)","line":13,"loc":{"start":{"line":13,"column":23},"end":{"line":13,"column":34}}},"2":{"name":"(anonymous_2)","line":17,"loc":{"start":{"line":17,"column":41},"end":{"line":17,"column":52}}},"3":{"name":"(anonymous_3)","line":20,"loc":{"start":{"line":20,"column":53},"end":{"line":20,"column":68}}},"4":{"name":"(anonymous_4)","line":22,"loc":{"start":{"line":22,"column":18},"end":{"line":22,"column":32}}},"5":{"name":"(anonymous_5)","line":30,"loc":{"start":{"line":30,"column":19},"end":{"line":30,"column":34}}},"6":{"name":"(anonymous_6)","line":36,"loc":{"start":{"line":36,"column":66},"end":{"line":36,"column":81}}},"7":{"name":"(anonymous_7)","line":38,"loc":{"start":{"line":38,"column":18},"end":{"line":38,"column":32}}},"8":{"name":"(anonymous_8)","line":48,"loc":{"start":{"line":48,"column":19},"end":{"line":48,"column":34}}},"9":{"name":"(anonymous_9)","line":54,"loc":{"start":{"line":54,"column":70},"end":{"line":54,"column":85}}},"10":{"name":"(anonymous_10)","line":56,"loc":{"start":{"line":56,"column":18},"end":{"line":56,"column":28}}},"11":{"name":"(anonymous_11)","line":59,"loc":{"start":{"line":59,"column":19},"end":{"line":59,"column":34}}},"12":{"name":"(anonymous_12)","line":65,"loc":{"start":{"line":65,"column":102},"end":{"line":65,"column":117}}},"13":{"name":"(anonymous_13)","line":67,"loc":{"start":{"line":67,"column":18},"end":{"line":67,"column":28}}},"14":{"name":"(anonymous_14)","line":75,"loc":{"start":{"line":75,"column":19},"end":{"line":75,"column":34}}},"15":{"name":"(anonymous_15)","line":84,"loc":{"start":{"line":84,"column":37},"end":{"line":84,"column":48}}},"16":{"name":"(anonymous_16)","line":85,"loc":{"start":{"line":85,"column":56},"end":{"line":85,"column":71}}},"17":{"name":"(anonymous_17)","line":88,"loc":{"start":{"line":88,"column":17},"end":{"line":88,"column":36}}},"18":{"name":"(anonymous_18)","line":97,"loc":{"start":{"line":97,"column":29},"end":{"line":97,"column":44}}},"19":{"name":"(anonymous_19)","line":100,"loc":{"start":{"line":100,"column":17},"end":{"line":100,"column":36}}},"20":{"name":"(anonymous_20)","line":116,"loc":{"start":{"line":116,"column":25},"end":{"line":116,"column":36}}},"21":{"name":"(anonymous_21)","line":117,"loc":{"start":{"line":117,"column":38},"end":{"line":117,"column":53}}},"22":{"name":"(anonymous_22)","line":121,"loc":{"start":{"line":121,"column":17},"end":{"line":121,"column":36}}},"23":{"name":"(anonymous_23)","line":129,"loc":{"start":{"line":129,"column":22},"end":{"line":129,"column":33}}},"24":{"name":"(anonymous_24)","line":130,"loc":{"start":{"line":130,"column":77},"end":{"line":130,"column":92}}},"25":{"name":"(anonymous_25)","line":133,"loc":{"start":{"line":133,"column":17},"end":{"line":133,"column":36}}},"26":{"name":"(anonymous_26)","line":146,"loc":{"start":{"line":146,"column":23},"end":{"line":146,"column":34}}},"27":{"name":"(anonymous_27)","line":147,"loc":{"start":{"line":147,"column":26},"end":{"line":147,"column":41}}},"28":{"name":"(anonymous_28)","line":154,"loc":{"start":{"line":154,"column":17},"end":{"line":154,"column":36}}}},"statementMap":{"1":{"start":{"line":1,"column":0},"end":{"line":1,"column":28}},"2":{"start":{"line":3,"column":0},"end":{"line":3,"column":27}},"3":{"start":{"line":4,"column":0},"end":{"line":4,"column":27}},"4":{"start":{"line":5,"column":0},"end":{"line":5,"column":36}},"5":{"start":{"line":6,"column":0},"end":{"line":6,"column":19}},"6":{"start":{"line":7,"column":0},"end":{"line":7,"column":32}},"7":{"start":{"line":8,"column":0},"end":{"line":8,"column":29}},"8":{"start":{"line":9,"column":0},"end":{"line":9,"column":41}},"9":{"start":{"line":10,"column":0},"end":{"line":10,"column":45}},"10":{"start":{"line":11,"column":0},"end":{"line":11,"column":19}},"11":{"start":{"line":13,"column":0},"end":{"line":168,"column":3}},"12":{"start":{"line":17,"column":4},"end":{"line":81,"column":7}},"13":{"start":{"line":20,"column":8},"end":{"line":34,"column":11}},"14":{"start":{"line":21,"column":12},"end":{"line":32,"column":14}},"15":{"start":{"line":23,"column":16},"end":{"line":23,"column":51}},"16":{"start":{"line":24,"column":16},"end":{"line":24,"column":53}},"17":{"start":{"line":25,"column":16},"end":{"line":25,"column":64}},"18":{"start":{"line":26,"column":16},"end":{"line":26,"column":48}},"19":{"start":{"line":27,"column":16},"end":{"line":27,"column":45}},"20":{"start":{"line":28,"column":16},"end":{"line":28,"column":47}},"21":{"start":{"line":33,"column":12},"end":{"line":33,"column":19}},"22":{"start":{"line":36,"column":8},"end":{"line":52,"column":11}},"23":{"start":{"line":37,"column":12},"end":{"line":50,"column":14}},"24":{"start":{"line":40,"column":16},"end":{"line":40,"column":35}},"25":{"start":{"line":41,"column":16},"end":{"line":41,"column":50}},"26":{"start":{"line":42,"column":16},"end":{"line":42,"column":47}},"27":{"start":{"line":43,"column":16},"end":{"line":43,"column":49}},"28":{"start":{"line":44,"column":16},"end":{"line":44,"column":52}},"29":{"start":{"line":45,"column":16},"end":{"line":45,"column":64}},"30":{"start":{"line":46,"column":16},"end":{"line":46,"column":68}},"31":{"start":{"line":51,"column":12},"end":{"line":51,"column":19}},"32":{"start":{"line":54,"column":8},"end":{"line":63,"column":11}},"33":{"start":{"line":55,"column":12},"end":{"line":61,"column":14}},"34":{"start":{"line":57,"column":16},"end":{"line":57,"column":44}},"35":{"start":{"line":62,"column":12},"end":{"line":62,"column":19}},"36":{"start":{"line":65,"column":8},"end":{"line":79,"column":11}},"37":{"start":{"line":66,"column":12},"end":{"line":77,"column":14}},"38":{"start":{"line":68,"column":16},"end":{"line":68,"column":44}},"39":{"start":{"line":69,"column":16},"end":{"line":69,"column":35}},"40":{"start":{"line":70,"column":16},"end":{"line":70,"column":57}},"41":{"start":{"line":71,"column":16},"end":{"line":71,"column":75}},"42":{"start":{"line":72,"column":16},"end":{"line":72,"column":52}},"43":{"start":{"line":73,"column":16},"end":{"line":73,"column":44}},"44":{"start":{"line":78,"column":12},"end":{"line":78,"column":19}},"45":{"start":{"line":84,"column":4},"end":{"line":114,"column":7}},"46":{"start":{"line":85,"column":8},"end":{"line":94,"column":11}},"47":{"start":{"line":86,"column":12},"end":{"line":93,"column":15}},"48":{"start":{"line":89,"column":16},"end":{"line":89,"column":35}},"49":{"start":{"line":90,"column":16},"end":{"line":90,"column":57}},"50":{"start":{"line":91,"column":16},"end":{"line":91,"column":61}},"51":{"start":{"line":92,"column":16},"end":{"line":92,"column":23}},"52":{"start":{"line":97,"column":8},"end":{"line":111,"column":11}},"53":{"start":{"line":98,"column":12},"end":{"line":110,"column":15}},"54":{"start":{"line":102,"column":16},"end":{"line":102,"column":35}},"55":{"start":{"line":103,"column":16},"end":{"line":103,"column":54}},"56":{"start":{"line":104,"column":16},"end":{"line":104,"column":51}},"57":{"start":{"line":105,"column":16},"end":{"line":105,"column":53}},"58":{"start":{"line":106,"column":16},"end":{"line":106,"column":56}},"59":{"start":{"line":107,"column":16},"end":{"line":107,"column":68}},"60":{"start":{"line":108,"column":16},"end":{"line":108,"column":72}},"61":{"start":{"line":109,"column":16},"end":{"line":109,"column":23}},"62":{"start":{"line":116,"column":4},"end":{"line":126,"column":7}},"63":{"start":{"line":117,"column":8},"end":{"line":125,"column":11}},"64":{"start":{"line":118,"column":12},"end":{"line":124,"column":15}},"65":{"start":{"line":122,"column":16},"end":{"line":122,"column":44}},"66":{"start":{"line":123,"column":16},"end":{"line":123,"column":23}},"67":{"start":{"line":129,"column":4},"end":{"line":143,"column":7}},"68":{"start":{"line":130,"column":8},"end":{"line":142,"column":11}},"69":{"start":{"line":131,"column":12},"end":{"line":141,"column":15}},"70":{"start":{"line":134,"column":16},"end":{"line":134,"column":44}},"71":{"start":{"line":135,"column":16},"end":{"line":135,"column":35}},"72":{"start":{"line":136,"column":16},"end":{"line":136,"column":57}},"73":{"start":{"line":137,"column":16},"end":{"line":137,"column":75}},"74":{"start":{"line":138,"column":16},"end":{"line":138,"column":52}},"75":{"start":{"line":139,"column":16},"end":{"line":139,"column":44}},"76":{"start":{"line":140,"column":16},"end":{"line":140,"column":23}},"77":{"start":{"line":146,"column":4},"end":{"line":166,"column":7}},"78":{"start":{"line":147,"column":8},"end":{"line":165,"column":11}},"79":{"start":{"line":148,"column":12},"end":{"line":164,"column":15}},"80":{"start":{"line":155,"column":16},"end":{"line":155,"column":44}},"81":{"start":{"line":156,"column":16},"end":{"line":156,"column":35}},"82":{"start":{"line":157,"column":16},"end":{"line":157,"column":57}},"83":{"start":{"line":158,"column":16},"end":{"line":158,"column":68}},"84":{"start":{"line":159,"column":16},"end":{"line":159,"column":52}},"85":{"start":{"line":160,"column":16},"end":{"line":160,"column":49}},"86":{"start":{"line":161,"column":16},"end":{"line":161,"column":51}},"87":{"start":{"line":163,"column":16},"end":{"line":163,"column":23}}},"branchMap":{}},"C:\\Users\\yoyo\\Desktop\\ForHeroku\\ExpressAppBooks\\app.js":{"path":"C:\\Users\\yoyo\\Desktop\\ForHeroku\\ExpressAppBooks\\app.js","s":{"1":1,"2":1,"3":1,"4":1,"5":1,"6":5,"7":5,"8":1,"9":5,"10":5,"11":1,"12":1,"13":1,"14":1,"15":1,"16":1,"17":1,"18":0,"19":1,"20":1,"21":1,"22":1,"23":1,"24":1,"25":1,"26":1,"27":1,"28":5,"29":5,"30":1,"31":5,"32":5,"33":1,"34":1,"35":5,"36":5,"37":1,"38":10,"39":10,"40":10,"41":10,"42":1,"43":1,"44":1,"45":1,"46":0,"47":1,"48":1,"49":1,"50":1,"51":1,"52":1,"53":0,"54":1,"55":1,"56":1,"57":0,"58":0,"59":1,"60":1,"61":1,"62":0,"63":0,"64":1,"65":1,"66":1,"67":0,"68":0,"69":1,"70":1,"71":0,"72":0,"73":0,"74":1,"75":0,"76":0,"77":1,"78":0,"79":1},"b":{"1":[1,1],"2":[0,1],"3":[0,1],"4":[0,0],"5":[0,0]},"f":{"1":5,"2":5,"3":0,"4":5,"5":5,"6":5,"7":10,"8":1,"9":1,"10":1,"11":1,"12":0,"13":1,"14":1,"15":0,"16":1,"17":1,"18":0,"19":1,"20":1,"21":0,"22":0,"23":0,"24":0},"fnMap":{"1":{"name":"(anonymous_1)","line":6,"loc":{"start":{"line":6,"column":8},"end":{"line":6,"column":33}}},"2":{"name":"(anonymous_2)","line":7,"loc":{"start":{"line":7,"column":11},"end":{"line":7,"column":36}}},"3":{"name":"(anonymous_3)","line":14,"loc":{"start":{"line":14,"column":25},"end":{"line":14,"column":42}}},"4":{"name":"(anonymous_4)","line":34,"loc":{"start":{"line":34,"column":21},"end":{"line":34,"column":47}}},"5":{"name":"(anonymous_5)","line":40,"loc":{"start":{"line":40,"column":24},"end":{"line":40,"column":50}}},"6":{"name":"(anonymous_6)","line":50,"loc":{"start":{"line":50,"column":11},"end":{"line":50,"column":34}}},"7":{"name":"(anonymous_7)","line":55,"loc":{"start":{"line":55,"column":23},"end":{"line":55,"column":48}}},"8":{"name":"(anonymous_8)","line":67,"loc":{"start":{"line":67,"column":23},"end":{"line":67,"column":45}}},"9":{"name":"(anonymous_9)","line":78,"loc":{"start":{"line":78,"column":15},"end":{"line":78,"column":37}}},"10":{"name":"(anonymous_10)","line":82,"loc":{"start":{"line":82,"column":23},"end":{"line":82,"column":45}}},"11":{"name":"(anonymous_11)","line":86,"loc":{"start":{"line":86,"column":10},"end":{"line":86,"column":25}}},"12":{"name":"(anonymous_12)","line":90,"loc":{"start":{"line":90,"column":11},"end":{"line":90,"column":27}}},"13":{"name":"(anonymous_13)","line":95,"loc":{"start":{"line":95,"column":40},"end":{"line":95,"column":62}}},"14":{"name":"(anonymous_14)","line":97,"loc":{"start":{"line":97,"column":10},"end":{"line":97,"column":24}}},"15":{"name":"(anonymous_15)","line":100,"loc":{"start":{"line":100,"column":11},"end":{"line":100,"column":26}}},"16":{"name":"(anonymous_16)","line":107,"loc":{"start":{"line":107,"column":36},"end":{"line":107,"column":58}}},"17":{"name":"(anonymous_17)","line":111,"loc":{"start":{"line":111,"column":10},"end":{"line":111,"column":24}}},"18":{"name":"(anonymous_18)","line":114,"loc":{"start":{"line":114,"column":11},"end":{"line":114,"column":26}}},"19":{"name":"(anonymous_19)","line":124,"loc":{"start":{"line":124,"column":25},"end":{"line":124,"column":47}}},"20":{"name":"(anonymous_20)","line":129,"loc":{"start":{"line":129,"column":10},"end":{"line":129,"column":24}}},"21":{"name":"(anonymous_21)","line":132,"loc":{"start":{"line":132,"column":11},"end":{"line":132,"column":26}}},"22":{"name":"(anonymous_22)","line":141,"loc":{"start":{"line":141,"column":11},"end":{"line":141,"column":36}}},"23":{"name":"(anonymous_23)","line":150,"loc":{"start":{"line":150,"column":12},"end":{"line":150,"column":42}}},"24":{"name":"(anonymous_24)","line":161,"loc":{"start":{"line":161,"column":11},"end":{"line":161,"column":41}}}},"statementMap":{"1":{"start":{"line":2,"column":0},"end":{"line":2,"column":33}},"2":{"start":{"line":3,"column":0},"end":{"line":3,"column":20}},"3":{"start":{"line":4,"column":0},"end":{"line":4,"column":40}},"4":{"start":{"line":5,"column":0},"end":{"line":5,"column":30}},"5":{"start":{"line":6,"column":0},"end":{"line":6,"column":70}},"6":{"start":{"line":6,"column":35},"end":{"line":6,"column":58}},"7":{"start":{"line":6,"column":59},"end":{"line":6,"column":66}},"8":{"start":{"line":7,"column":0},"end":{"line":7,"column":73}},"9":{"start":{"line":7,"column":38},"end":{"line":7,"column":61}},"10":{"start":{"line":7,"column":62},"end":{"line":7,"column":69}},"11":{"start":{"line":8,"column":0},"end":{"line":8,"column":30}},"12":{"start":{"line":9,"column":0},"end":{"line":9,"column":43}},"13":{"start":{"line":10,"column":0},"end":{"line":10,"column":24}},"14":{"start":{"line":11,"column":0},"end":{"line":11,"column":27}},"15":{"start":{"line":12,"column":0},"end":{"line":12,"column":35}},"16":{"start":{"line":13,"column":0},"end":{"line":13,"column":25}},"17":{"start":{"line":14,"column":0},"end":{"line":16,"column":2}},"18":{"start":{"line":15,"column":4},"end":{"line":15,"column":30}},"19":{"start":{"line":18,"column":0},"end":{"line":18,"column":30}},"20":{"start":{"line":21,"column":0},"end":{"line":21,"column":39}},"21":{"start":{"line":22,"column":0},"end":{"line":22,"column":45}},"22":{"start":{"line":24,"column":0},"end":{"line":24,"column":27}},"23":{"start":{"line":26,"column":0},"end":{"line":26,"column":49}},"24":{"start":{"line":27,"column":0},"end":{"line":27,"column":30}},"25":{"start":{"line":28,"column":0},"end":{"line":28,"column":52}},"26":{"start":{"line":31,"column":0},"end":{"line":31,"column":36}},"27":{"start":{"line":34,"column":0},"end":{"line":39,"column":4}},"28":{"start":{"line":35,"column":4},"end":{"line":37,"column":24}},"29":{"start":{"line":38,"column":4},"end":{"line":38,"column":28}},"30":{"start":{"line":40,"column":0},"end":{"line":45,"column":4}},"31":{"start":{"line":41,"column":4},"end":{"line":43,"column":24}},"32":{"start":{"line":44,"column":4},"end":{"line":44,"column":28}},"33":{"start":{"line":47,"column":0},"end":{"line":47,"column":52}},"34":{"start":{"line":50,"column":0},"end":{"line":53,"column":3}},"35":{"start":{"line":51,"column":4},"end":{"line":51,"column":34}},"36":{"start":{"line":52,"column":4},"end":{"line":52,"column":11}},"37":{"start":{"line":55,"column":0},"end":{"line":61,"column":1}},"38":{"start":{"line":56,"column":4},"end":{"line":56,"column":61}},"39":{"start":{"line":57,"column":4},"end":{"line":57,"column":70}},"40":{"start":{"line":58,"column":4},"end":{"line":58,"column":63}},"41":{"start":{"line":60,"column":4},"end":{"line":60,"column":11}},"42":{"start":{"line":64,"column":0},"end":{"line":64,"column":26}},"43":{"start":{"line":65,"column":0},"end":{"line":65,"column":29}},"44":{"start":{"line":67,"column":0},"end":{"line":74,"column":3}},"45":{"start":{"line":69,"column":4},"end":{"line":73,"column":16}},"46":{"start":{"line":70,"column":8},"end":{"line":70,"column":64}},"47":{"start":{"line":73,"column":9},"end":{"line":73,"column":16}},"48":{"start":{"line":78,"column":0},"end":{"line":80,"column":3}},"49":{"start":{"line":79,"column":4},"end":{"line":79,"column":42}},"50":{"start":{"line":82,"column":0},"end":{"line":93,"column":3}},"51":{"start":{"line":85,"column":4},"end":{"line":92,"column":7}},"52":{"start":{"line":88,"column":8},"end":{"line":88,"column":46}},"53":{"start":{"line":91,"column":7},"end":{"line":91,"column":38}},"54":{"start":{"line":95,"column":0},"end":{"line":105,"column":3}},"55":{"start":{"line":96,"column":4},"end":{"line":103,"column":7}},"56":{"start":{"line":98,"column":9},"end":{"line":98,"column":89}},"57":{"start":{"line":101,"column":8},"end":{"line":101,"column":29}},"58":{"start":{"line":102,"column":8},"end":{"line":102,"column":22}},"59":{"start":{"line":107,"column":0},"end":{"line":121,"column":3}},"60":{"start":{"line":109,"column":4},"end":{"line":117,"column":7}},"61":{"start":{"line":112,"column":7},"end":{"line":112,"column":66}},"62":{"start":{"line":115,"column":8},"end":{"line":115,"column":29}},"63":{"start":{"line":116,"column":9},"end":{"line":116,"column":23}},"64":{"start":{"line":124,"column":0},"end":{"line":136,"column":3}},"65":{"start":{"line":127,"column":4},"end":{"line":135,"column":7}},"66":{"start":{"line":130,"column":8},"end":{"line":130,"column":74}},"67":{"start":{"line":133,"column":8},"end":{"line":133,"column":29}},"68":{"start":{"line":134,"column":8},"end":{"line":134,"column":22}},"69":{"start":{"line":140,"column":0},"end":{"line":140,"column":23}},"70":{"start":{"line":141,"column":0},"end":{"line":145,"column":3}},"71":{"start":{"line":142,"column":4},"end":{"line":142,"column":37}},"72":{"start":{"line":143,"column":4},"end":{"line":143,"column":21}},"73":{"start":{"line":144,"column":4},"end":{"line":144,"column":14}},"74":{"start":{"line":149,"column":0},"end":{"line":157,"column":1}},"75":{"start":{"line":150,"column":4},"end":{"line":156,"column":7}},"76":{"start":{"line":151,"column":8},"end":{"line":155,"column":11}},"77":{"start":{"line":161,"column":0},"end":{"line":167,"column":3}},"78":{"start":{"line":162,"column":4},"end":{"line":166,"column":7}},"79":{"start":{"line":169,"column":0},"end":{"line":169,"column":21}}},"branchMap":{"1":{"line":31,"type":"binary-expr","locations":[{"start":{"line":31,"column":11},"end":{"line":31,"column":27}},{"start":{"line":31,"column":31},"end":{"line":31,"column":35}}]},"2":{"line":69,"type":"if","locations":[{"start":{"line":69,"column":4},"end":{"line":69,"column":4}},{"start":{"line":69,"column":4},"end":{"line":69,"column":4}}]},"3":{"line":149,"type":"if","locations":[{"start":{"line":149,"column":0},"end":{"line":149,"column":0}},{"start":{"line":149,"column":0},"end":{"line":149,"column":0}}]},"4":{"line":151,"type":"binary-expr","locations":[{"start":{"line":151,"column":20},"end":{"line":151,"column":28}},{"start":{"line":151,"column":32},"end":{"line":151,"column":35}}]},"5":{"line":162,"type":"binary-expr","locations":[{"start":{"line":162,"column":15},"end":{"line":162,"column":25}},{"start":{"line":162,"column":29},"end":{"line":162,"column":32}}]}}},"C:\\Users\\yoyo\\Desktop\\ForHeroku\\ExpressAppBooks\\server\\db\\knex.js":{"path":"C:\\Users\\yoyo\\Desktop\\ForHeroku\\ExpressAppBooks\\server\\db\\knex.js","s":{"1":1,"2":1,"3":1},"b":{"1":[1,0]},"f":{},"fnMap":{},"statementMap":{"1":{"start":{"line":1,"column":0},"end":{"line":1,"column":51}},"2":{"start":{"line":2,"column":0},"end":{"line":2,"column":57}},"3":{"start":{"line":3,"column":0},"end":{"line":3,"column":41}}},"branchMap":{"1":{"line":1,"type":"binary-expr","locations":[{"start":{"line":1,"column":20},"end":{"line":1,"column":40}},{"start":{"line":1,"column":44},"end":{"line":1,"column":50}}]}}},"C:\\Users\\yoyo\\Desktop\\ForHeroku\\ExpressAppBooks\\knexfile.js":{"path":"C:\\Users\\yoyo\\Desktop\\ForHeroku\\ExpressAppBooks\\knexfile.js","s":{"1":1},"b":{},"f":{},"fnMap":{},"statementMap":{"1":{"start":{"line":3,"column":0},"end":{"line":118,"column":2}}},"branchMap":{}},"C:\\Users\\yoyo\\Desktop\\ForHeroku\\ExpressAppBooks\\server\\db\\queries.js":{"path":"C:\\Users\\yoyo\\Desktop\\ForHeroku\\ExpressAppBooks\\server\\db\\queries.js","s":{"1":1,"2":1,"3":2,"4":1,"5":2,"6":1,"7":2,"8":1,"9":2,"10":1},"b":{},"f":{"1":2,"2":2,"3":2,"4":2},"fnMap":{"1":{"name":"postBook","line":3,"loc":{"start":{"line":3,"column":0},"end":{"line":3,"column":31}}},"2":{"name":"getBookbyId","line":7,"loc":{"start":{"line":7,"column":0},"end":{"line":8,"column":0}}},"3":{"name":"deleteByAuthor","line":12,"loc":{"start":{"line":12,"column":0},"end":{"line":12,"column":31}}},"4":{"name":"updateBook","line":18,"loc":{"start":{"line":18,"column":0},"end":{"line":18,"column":26}}}},"statementMap":{"1":{"start":{"line":1,"column":0},"end":{"line":1,"column":29}},"2":{"start":{"line":3,"column":0},"end":{"line":5,"column":1}},"3":{"start":{"line":4,"column":2},"end":{"line":4,"column":83}},"4":{"start":{"line":7,"column":0},"end":{"line":10,"column":1}},"5":{"start":{"line":9,"column":4},"end":{"line":9,"column":52}},"6":{"start":{"line":12,"column":0},"end":{"line":16,"column":1}},"7":{"start":{"line":13,"column":4},"end":{"line":15,"column":10}},"8":{"start":{"line":18,"column":0},"end":{"line":24,"column":1}},"9":{"start":{"line":19,"column":4},"end":{"line":21,"column":36}},"10":{"start":{"line":26,"column":0},"end":{"line":31,"column":2}}},"branchMap":{}}}