TN:
SF:C:\Users\yoyo\Desktop\ForHeroku\ExpressAppBooks\test.js
FN:13,(anonymous_1)
FN:17,(anonymous_2)
FN:20,(anonymous_3)
FN:22,(anonymous_4)
FN:30,(anonymous_5)
FN:36,(anonymous_6)
FN:38,(anonymous_7)
FN:48,(anonymous_8)
FN:54,(anonymous_9)
FN:56,(anonymous_10)
FN:59,(anonymous_11)
FN:65,(anonymous_12)
FN:67,(anonymous_13)
FN:75,(anonymous_14)
FN:84,(anonymous_15)
FN:85,(anonymous_16)
FN:88,(anonymous_17)
FN:97,(anonymous_18)
FN:100,(anonymous_19)
FN:116,(anonymous_20)
FN:117,(anonymous_21)
FN:121,(anonymous_22)
FN:129,(anonymous_23)
FN:130,(anonymous_24)
FN:133,(anonymous_25)
FN:146,(anonymous_26)
FN:147,(anonymous_27)
FN:154,(anonymous_28)
FNF:28
FNH:28
FNDA:1,(anonymous_1)
FNDA:1,(anonymous_2)
FNDA:1,(anonymous_3)
FNDA:1,(anonymous_4)
FNDA:1,(anonymous_5)
FNDA:1,(anonymous_6)
FNDA:1,(anonymous_7)
FNDA:1,(anonymous_8)
FNDA:1,(anonymous_9)
FNDA:1,(anonymous_10)
FNDA:1,(anonymous_11)
FNDA:1,(anonymous_12)
FNDA:1,(anonymous_13)
FNDA:1,(anonymous_14)
FNDA:1,(anonymous_15)
FNDA:1,(anonymous_16)
FNDA:1,(anonymous_17)
FNDA:1,(anonymous_18)
FNDA:1,(anonymous_19)
FNDA:1,(anonymous_20)
FNDA:1,(anonymous_21)
FNDA:1,(anonymous_22)
FNDA:1,(anonymous_23)
FNDA:1,(anonymous_24)
FNDA:1,(anonymous_25)
FNDA:1,(anonymous_26)
FNDA:1,(anonymous_27)
FNDA:1,(anonymous_28)
DA:1,1
DA:3,1
DA:4,1
DA:5,1
DA:6,1
DA:7,1
DA:8,1
DA:9,1
DA:10,1
DA:11,1
DA:13,1
DA:17,1
DA:20,1
DA:21,1
DA:23,1
DA:24,1
DA:25,0
DA:26,0
DA:27,0
DA:28,0
DA:33,1
DA:36,1
DA:37,1
DA:40,1
DA:41,0
DA:42,0
DA:43,0
DA:44,0
DA:45,0
DA:46,0
DA:51,1
DA:54,1
DA:55,1
DA:57,1
DA:62,1
DA:65,1
DA:66,1
DA:68,1
DA:69,0
DA:70,0
DA:71,0
DA:72,0
DA:73,0
DA:78,1
DA:84,1
DA:85,1
DA:86,1
DA:89,1
DA:90,1
DA:91,1
DA:92,1
DA:97,1
DA:98,1
DA:102,1
DA:103,1
DA:104,1
DA:105,1
DA:106,1
DA:107,1
DA:108,1
DA:109,1
DA:116,1
DA:117,1
DA:118,1
DA:122,1
DA:123,1
DA:129,1
DA:130,1
DA:131,1
DA:134,1
DA:135,1
DA:136,1
DA:137,1
DA:138,1
DA:139,1
DA:140,1
DA:146,1
DA:147,1
DA:148,1
DA:155,1
DA:156,1
DA:157,1
DA:158,1
DA:159,1
DA:160,1
DA:161,1
DA:163,1
LF:87
LH:72
BRF:0
BRH:0
end_of_record
TN:
SF:C:\Users\yoyo\Desktop\ForHeroku\ExpressAppBooks\app.js
FN:6,(anonymous_1)
FN:7,(anonymous_2)
FN:14,(anonymous_3)
FN:34,(anonymous_4)
FN:40,(anonymous_5)
FN:50,(anonymous_6)
FN:55,(anonymous_7)
FN:67,(anonymous_8)
FN:78,(anonymous_9)
FN:82,(anonymous_10)
FN:86,(anonymous_11)
FN:90,(anonymous_12)
FN:95,(anonymous_13)
FN:97,(anonymous_14)
FN:100,(anonymous_15)
FN:107,(anonymous_16)
FN:111,(anonymous_17)
FN:114,(anonymous_18)
FN:124,(anonymous_19)
FN:129,(anonymous_20)
FN:132,(anonymous_21)
FN:141,(anonymous_22)
FN:150,(anonymous_23)
FN:161,(anonymous_24)
FNF:24
FNH:16
FNDA:5,(anonymous_1)
FNDA:5,(anonymous_2)
FNDA:0,(anonymous_3)
FNDA:5,(anonymous_4)
FNDA:5,(anonymous_5)
FNDA:5,(anonymous_6)
FNDA:10,(anonymous_7)
FNDA:1,(anonymous_8)
FNDA:1,(anonymous_9)
FNDA:1,(anonymous_10)
FNDA:1,(anonymous_11)
FNDA:0,(anonymous_12)
FNDA:1,(anonymous_13)
FNDA:1,(anonymous_14)
FNDA:0,(anonymous_15)
FNDA:1,(anonymous_16)
FNDA:1,(anonymous_17)
FNDA:0,(anonymous_18)
FNDA:1,(anonymous_19)
FNDA:1,(anonymous_20)
FNDA:0,(anonymous_21)
FNDA:0,(anonymous_22)
FNDA:0,(anonymous_23)
FNDA:0,(anonymous_24)
DA:2,1
DA:3,1
DA:4,1
DA:5,1
DA:6,5
DA:7,5
DA:8,1
DA:9,1
DA:10,1
DA:11,1
DA:12,1
DA:13,1
DA:14,1
DA:15,0
DA:18,1
DA:21,1
DA:22,1
DA:24,1
DA:26,1
DA:27,1
DA:28,1
DA:31,1
DA:34,1
DA:35,5
DA:38,5
DA:40,1
DA:41,5
DA:44,5
DA:47,1
DA:50,1
DA:51,5
DA:52,5
DA:55,1
DA:56,10
DA:57,10
DA:58,10
DA:60,10
DA:64,1
DA:65,1
DA:67,1
DA:69,1
DA:70,0
DA:73,1
DA:78,1
DA:79,1
DA:82,1
DA:85,1
DA:88,1
DA:91,0
DA:95,1
DA:96,1
DA:98,1
DA:101,0
DA:102,0
DA:107,1
DA:109,1
DA:112,1
DA:115,0
DA:116,0
DA:124,1
DA:127,1
DA:130,1
DA:133,0
DA:134,0
DA:140,1
DA:141,1
DA:142,0
DA:143,0
DA:144,0
DA:149,1
DA:150,0
DA:151,0
DA:161,1
DA:162,0
DA:169,1
LF:75
LH:60
BRDA:31,1,0,1
BRDA:31,1,1,1
BRDA:69,2,0,0
BRDA:69,2,1,1
BRDA:149,3,0,0
BRDA:149,3,1,1
BRDA:151,4,0,0
BRDA:151,4,1,0
BRDA:162,5,0,0
BRDA:162,5,1,0
BRF:10
BRH:4
end_of_record
TN:
SF:C:\Users\yoyo\Desktop\ForHeroku\ExpressAppBooks\server\db\knex.js
FNF:0
FNH:0
DA:1,1
DA:2,1
DA:3,1
LF:3
LH:3
BRDA:1,1,0,1
BRDA:1,1,1,0
BRF:2
BRH:1
end_of_record
TN:
SF:C:\Users\yoyo\Desktop\ForHeroku\ExpressAppBooks\knexfile.js
FNF:0
FNH:0
DA:3,1
LF:1
LH:1
BRF:0
BRH:0
end_of_record
TN:
SF:C:\Users\yoyo\Desktop\ForHeroku\ExpressAppBooks\server\db\queries.js
FN:3,postBook
FN:7,getBookbyId
FN:12,deleteByAuthor
FN:18,updateBook
FNF:4
FNH:4
FNDA:2,postBook
FNDA:2,getBookbyId
FNDA:2,deleteByAuthor
FNDA:2,updateBook
DA:1,1
DA:3,1
DA:4,2
DA:7,1
DA:9,2
DA:12,1
DA:13,2
DA:18,1
DA:19,2
DA:26,1
LF:10
LH:10
BRF:0
BRH:0
end_of_record
